<?xml version="1.0" encoding="UTF-8"?>
<!-- Generated by org.testng.reporters.JUnitXMLReporter -->
<testsuite ignored="4" hostname="DESKTOP-MUPOVES" failures="0" tests="1" name="Default test" time="1.406" errors="0" timestamp="2022-03-08T17:21:47 IST">
  <testcase classname="rough.CompareJSONResponseUsingJacksonBind" name="coompare2JsonsWithCustomComparatorText" time="1.099"/>
  <testcase classname="rough.CompareJSONResponseUsingJacksonBind" name="compare2JsonsWithNestedObjects" time="0.0">
    <ignored/>
  </testcase> <!-- compare2JsonsWithNestedObjects -->
  <testcase classname="rough.CompareJSONResponseUsingJacksonBind" name="compare2JsonsWithList" time="0.0">
    <ignored/>
  </testcase> <!-- compare2JsonsWithList -->
  <testcase classname="rough.CompareJSONResponseUsingJacksonBind" name="compare2JSON" time="0.0">
    <ignored/>
  </testcase> <!-- compare2JSON -->
  <testcase classname="rough.CompareJSONResponseUsingJacksonBind" name="coompare2JsonsWithCustomComparatorNumberic" time="0.0">
    <ignored/>
  </testcase> <!-- coompare2JsonsWithCustomComparatorNumberic -->
</testsuite> <!-- Default test -->
