<?xml version="1.0" encoding="UTF-8"?>
<!-- Generated by org.testng.reporters.JUnitXMLReporter -->
<testsuite ignored="0" hostname="DESKTOP-MUPOVES" failures="0" tests="12" name="Rest API regression Test" time="19.674" errors="0" timestamp="2022-03-04T20:08:28 IST">
  <testcase classname="com.qa.api.gorest.tests.CreateUserTest" name="createMultipleUsersAPIPOSTTest" time="3.162"/>
  <testcase classname="com.qa.api.gorest.tests.CreateUserTest" name="createMultipleUsersAPIPOSTTest" time="0.339"/>
  <testcase classname="com.qa.api.gorest.tests.CreateUserTest" name="createMultipleUsersAPIPOSTTest" time="0.501"/>
  <testcase classname="com.qa.api.gorest.tests.CreateUserTest" name="createMultipleUsersAPIPOSTTest" time="0.287"/>
  <testcase classname="com.qa.api.gorest.tests.CreateUserTest" name="createUserAPIPOSTTest" time="0.327"/>
  <testcase classname="com.qa.api.gorest.tests.ImgurAPITest" name="getAccountBlockStatusTest" time="1.39"/>
  <testcase classname="com.qa.api.gorest.tests.GetUserTest" name="getAllUserListAPITest" time="0.599"/>
  <testcase classname="com.qa.api.gorest.tests.UpdateUserTest" name="updateUserAPIPOSTTest" time="9.728"/>
  <testcase classname="com.qa.api.gorest.tests.GetUserTest" name="getUserWithQueryParamsAPITest" time="0.31"/>
  <testcase classname="com.qa.api.gorest.tests.ImgurAPITest" name="getAccountImagesTest" time="1.242"/>
  <testcase classname="com.qa.api.gorest.tests.ImgurAPITest" name="getAccountSettingsTest" time="1.521"/>
  <testcase classname="com.qa.api.gorest.tests.ImgurAPITest" name="uploadImagePostAPITest" time="2.453"/>
</testsuite> <!-- Rest API regression Test -->
