<?xml version="1.0" encoding="UTF-8"?>
<testng-results ignored="4" total="5" passed="1" failed="0" skipped="0">
  <reporter-output>
  </reporter-output>
  <suite started-at="2022-03-08T17:21:46 IST" name="Default suite" finished-at="2022-03-08T17:21:47 IST" duration-ms="1406">
    <groups>
    </groups>
    <test started-at="2022-03-08T17:21:46 IST" name="Default test" finished-at="2022-03-08T17:21:47 IST" duration-ms="1406">
      <class name="rough.CompareJSONResponseUsingJacksonBind">
        <test-method signature="coompare2JsonsWithCustomComparatorText()[pri:0, instance:rough.CompareJSONResponseUsingJacksonBind@3d43fe]" started-at="2022-03-08T17:21:46 IST" name="coompare2JsonsWithCustomComparatorText" finished-at="2022-03-08T17:21:47 IST" duration-ms="1099" status="PASS">
          <reporter-output>
          </reporter-output>
        </test-method> <!-- coompare2JsonsWithCustomComparatorText -->
      </class> <!-- rough.CompareJSONResponseUsingJacksonBind -->
    </test> <!-- Default test -->
  </suite> <!-- Default suite -->
</testng-results>
